<?xml version="1.0" encoding="UTF-8"?>
<!-- Generated by org.testng.reporters.JUnitReportReporter -->
<testsuite hostname="LAPTOP-T78IAOK8" failures="0" tests="3" name="com.SwagLabs.qa.testcases.LoginPageTest" time="8.498" errors="0" timestamp="2021-08-01T00:19:34 IST" skipped="0">
  <testcase classname="com.SwagLabs.qa.testcases.LoginPageTest" name="loginPageTitleTest" time="2.530"/>
  <system-out/>
  <testcase classname="com.SwagLabs.qa.testcases.LoginPageTest" name="validateLogoTest" time="2.567"/>
  <system-out/>
  <testcase classname="com.SwagLabs.qa.testcases.LoginPageTest" name="LoginTest" time="3.401"/>
  <system-out/>
</testsuite> <!-- com.SwagLabs.qa.testcases.LoginPageTest -->
